<?xml version="1.0" encoding="UTF-8"?>
<!-- Generated by org.testng.reporters.JUnitXMLReporter -->
<testsuite ignored="3" hostname="LENOVO" failures="0" tests="3" name="Surefire test" time="6.144" errors="0" timestamp="2026-01-01T08:01:00 IST">
  <testcase classname="tests.MultipartTest" name="multipartUpload" time="3.733"/>
  <testcase classname="tests.SchemaValidationTest" name="schemaTest" time="4.166"/>
  <testcase classname="tests.ApiChainingTest" name="chainingWithPojo" time="6.088"/>
  <testcase classname="base.BaseTest" name="@BeforeSuite setup" time="0.0">
    <ignored/>
  </testcase> <!-- @BeforeSuite setup -->
  <testcase classname="base.BaseTest" name="@BeforeSuite setup" time="0.0">
    <ignored/>
  </testcase> <!-- @BeforeSuite setup -->
  <testcase classname="base.BaseTest" name="@BeforeSuite setup" time="0.0">
    <ignored/>
  </testcase> <!-- @BeforeSuite setup -->
</testsuite> <!-- Surefire test -->
