<?xml version="1.0" encoding="UTF-8"?>
<!-- Generated by org.testng.reporters.JUnitXMLReporter -->
<testsuite ignored="3" hostname="LENOVO" failures="0" tests="3" name="Surefire test" time="7.529" errors="0" timestamp="2026-01-01T09:59:56 IST">
  <testcase classname="tests.SchemaValidationTest" name="schemaTest" time="5.653"/>
  <testcase classname="tests.MultipartTest" name="multipartUpload" time="6.581"/>
  <testcase classname="tests.ApiChainingTest" name="chainingWithPojo" time="7.473"/>
  <testcase classname="base.BaseTest" name="@BeforeSuite setup" time="0.0">
    <ignored/>
  </testcase> <!-- @BeforeSuite setup -->
  <testcase classname="base.BaseTest" name="@BeforeSuite setup" time="0.0">
    <ignored/>
  </testcase> <!-- @BeforeSuite setup -->
  <testcase classname="base.BaseTest" name="@BeforeSuite setup" time="0.0">
    <ignored/>
  </testcase> <!-- @BeforeSuite setup -->
</testsuite> <!-- Surefire test -->
