<?xml version="1.0" encoding="UTF-8"?>
<testsuite xmlns:xsi="http://www.w3.org/2001/XMLSchema-instance" xsi:noNamespaceSchemaLocation="https://maven.apache.org/surefire/maven-surefire-plugin/xsd/surefire-test-report-3.0.xsd" version="3.0" name="TestSuite" time="7.867" tests="3" errors="0" skipped="0" failures="0">
  <properties>
[...]
</properties>
  <testcase name="multipartUpload" classname="tests.MultipartTest" time="3.748">
    <system-out><![CDATA[HTTP/1.1 404 Not Found
Date: Thu, 01 Jan 2026 02:30:57 GMT
Content-Type: text/html; charset=utf-8
Transfer-Encoding: chunked
Connection: keep-alive
Server: cloudflare
x-ratelimit-limit: 100
x-ratelimit-remaining: 98
x-ratelimit-reset: 1767234658
x-dns-prefetch-control: off
x-frame-options: SAMEORIGIN
strict-transport-security: max-age=15552000; includeSubDomains
x-download-options: noopen
x-content-type-options: nosniff
x-xss-protection: 1; mode=block
access-control-allow-origin: *
content-security-policy: default-src 'none'
vary: Accept-Encoding
cf-cache-status: DYNAMIC
Nel: {"report_to":"cf-nel","success_fraction":0.0,"max_age":604800}
Report-To: {"group":"cf-nel","max_age":604800,"endpoints":[{"url":"https://a.nel.cloudflare.com/report/v4?s=UEBeGbAHX01rpDqeqGHRXvRw2aHV7tGUZJwVwXLY1SHgthl0jFil7QprCy3DVtXdhUVih5YvYwXnAP0wNQHnXyViIXi%2FSNoN1QF7jrM%3D"}]}
Content-Encoding: gzip
CF-RAY: 9b6e98fc8c624f8a-MRS

<html lang="en">
  <head>
    <meta charset="utf-8"/>
    <title>Error</title>
  </head>
  <body>
    <pre>Cannot POST /posts/add</pre>
  </body>
</html>
]]></system-out>
    <system-err><![CDATA[SLF4J: Failed to load class "org.slf4j.impl.StaticLoggerBinder".
SLF4J: Defaulting to no-operation (NOP) logger implementation
SLF4J: See http://www.slf4j.org/codes.html#StaticLoggerBinder for further details.
]]></system-err>
  </testcase>
  <testcase name="schemaTest" classname="tests.SchemaValidationTest" time="4.162"/>
  <testcase name="chainingWithPojo" classname="tests.ApiChainingTest" time="6.085"/>
</testsuite>