<?xml version="1.0" encoding="UTF-8"?>
<testng-results ignored="0" total="3" passed="3" failed="0" skipped="0">
  <reporter-output>
  </reporter-output>
  <suite started-at="2026-01-01T09:59:49 IST" name="Surefire suite" finished-at="2026-01-01T09:59:56 IST" duration-ms="7529">
    <groups>
    </groups>
    <test started-at="2026-01-01T09:59:49 IST" name="Surefire test" finished-at="2026-01-01T09:59:56 IST" duration-ms="7529">
      <class name="tests.ApiChainingTest">
        <test-method signature="chainingWithPojo()[pri:0, instance:tests.ApiChainingTest@5276e6b0]" started-at="2026-01-01T09:59:49 IST" name="chainingWithPojo" finished-at="2026-01-01T09:59:56 IST" duration-ms="7473" status="PASS">
          <reporter-output>
          </reporter-output>
        </test-method> <!-- chainingWithPojo -->
      </class> <!-- tests.ApiChainingTest -->
      <class name="tests.MultipartTest">
        <test-method signature="multipartUpload()[pri:0, instance:tests.MultipartTest@71b1176b]" started-at="2026-01-01T09:59:49 IST" name="multipartUpload" finished-at="2026-01-01T09:59:55 IST" duration-ms="6581" status="PASS">
          <reporter-output>
          </reporter-output>
        </test-method> <!-- multipartUpload -->
      </class> <!-- tests.MultipartTest -->
      <class name="base.BaseTest">
        <test-method is-config="true" signature="setup()[pri:0, instance:base.BaseTest@56a6d5a6]" started-at="2026-01-01T09:59:48 IST" name="setup" finished-at="2026-01-01T09:59:49 IST" duration-ms="707" status="PASS">
          <reporter-output>
          </reporter-output>
        </test-method> <!-- setup -->
      </class> <!-- base.BaseTest -->
      <class name="tests.SchemaValidationTest">
        <test-method signature="schemaTest()[pri:0, instance:tests.SchemaValidationTest@6193932a]" started-at="2026-01-01T09:59:49 IST" name="schemaTest" finished-at="2026-01-01T09:59:54 IST" duration-ms="5653" status="PASS">
          <reporter-output>
          </reporter-output>
        </test-method> <!-- schemaTest -->
      </class> <!-- tests.SchemaValidationTest -->
    </test> <!-- Surefire test -->
  </suite> <!-- Surefire suite -->
</testng-results>
