<?xml version="1.0" encoding="UTF-8"?>
<testng-results ignored="0" total="1" passed="1" failed="0" skipped="0">
  <reporter-output>
  </reporter-output>
  <suite started-at="2026-01-01T07:28:14 IST" name="Default suite" finished-at="2026-01-01T07:28:17 IST" duration-ms="3055">
    <groups>
    </groups>
    <test started-at="2026-01-01T07:28:14 IST" name="Default test" finished-at="2026-01-01T07:28:17 IST" duration-ms="3055">
      <class name="tests.SchemaValidationTest">
        <test-method is-config="true" signature="setup()[pri:0, instance:tests.SchemaValidationTest@f09733f]" started-at="2026-01-01T07:28:13 IST" name="setup" finished-at="2026-01-01T07:28:14 IST" duration-ms="575" status="PASS">
          <reporter-output>
          </reporter-output>
        </test-method> <!-- setup -->
        <test-method signature="schemaTest()[pri:0, instance:tests.SchemaValidationTest@f09733f]" started-at="2026-01-01T07:28:14 IST" name="schemaTest" finished-at="2026-01-01T07:28:17 IST" duration-ms="2997" status="PASS">
          <reporter-output>
          </reporter-output>
        </test-method> <!-- schemaTest -->
      </class> <!-- tests.SchemaValidationTest -->
    </test> <!-- Default test -->
  </suite> <!-- Default suite -->
</testng-results>
